INFO:     Will watch for changes in these directories: ['/Users/adityaastro/Documents/GitHub/founder-os/founder-os/apps/api']
INFO:     Uvicorn running on http://127.0.0.1:8000 (Press CTRL+C to quit)
INFO:     Started reloader process [63483] using WatchFiles
INFO:     Started server process [63486]
INFO:     Waiting for application startup.
12:00:40  INFO      apscheduler.scheduler — Adding job tentatively -- it will be properly scheduled when the scheduler starts
12:00:40  INFO      apscheduler.scheduler — Added job "Weekly Planner (Monday 8 AM)" to job store "default"
12:00:40  INFO      apscheduler.scheduler — Scheduler started
12:00:40  INFO      app.scheduler — ⏰ Background scheduler started — 1 job(s) registered
12:00:40  INFO      app.scheduler —    • Weekly Planner (Monday 8 AM) (next run: 2026-03-23 08:00:00+05:30)
INFO:     Application startup complete.
12:01:17  INFO      httpx — HTTP Request: GET https://proud-quagga-53.clerk.accounts.dev/.well-known/jwks.json "HTTP/1.1 200 OK"
INFO:     ::1:0 - "GET /api/onboarding/status HTTP/1.1" 200 OK
INFO:     ::1:0 - "GET /api/activity/stream HTTP/1.1" 200 OK
INFO:     ::1:0 - "GET /api/activity/recent?limit=10 HTTP/1.1" 200 OK
INFO:     ::1:0 - "GET /api/activity/recent?limit=10 HTTP/1.1" 200 OK
INFO:     ::1:0 - "GET /api/review/stats HTTP/1.1" 200 OK
INFO:     ::1:0 - "GET /api/knowledge/stats HTTP/1.1" 200 OK
INFO:     ::1:0 - "GET /api/memory/stats HTTP/1.1" 200 OK
INFO:     ::1:0 - "GET /api/review/stats HTTP/1.1" 200 OK
INFO:     ::1:0 - "GET /api/knowledge/stats HTTP/1.1" 200 OK
INFO:     ::1:0 - "GET /api/memory/stats HTTP/1.1" 200 OK
INFO:     ::1:0 - "GET /api/activity/stats HTTP/1.1" 200 OK
INFO:     ::1:0 - "GET /api/activity/stats HTTP/1.1" 200 OK
INFO:     127.0.0.1:52307 - "OPTIONS /api/history/chat/4f349a2c-3eba-4969-91ba-56dd6f8fe1f7 HTTP/1.1" 200 OK
INFO:     127.0.0.1:52308 - "OPTIONS /api/history/chat/4f349a2c-3eba-4969-91ba-56dd6f8fe1f7 HTTP/1.1" 200 OK
INFO:     127.0.0.1:52308 - "GET /api/history/chat/4f349a2c-3eba-4969-91ba-56dd6f8fe1f7 HTTP/1.1" 200 OK
INFO:     127.0.0.1:52307 - "GET /api/history/chat/4f349a2c-3eba-4969-91ba-56dd6f8fe1f7 HTTP/1.1" 200 OK
INFO:     127.0.0.1:52307 - "OPTIONS /api/activity/stream HTTP/1.1" 200 OK
INFO:     127.0.0.1:52307 - "GET /api/activity/stream HTTP/1.1" 200 OK
INFO:     ::1:0 - "GET /api/activity/recent?limit=50 HTTP/1.1" 200 OK
INFO:     ::1:0 - "GET /api/activity/recent?limit=50 HTTP/1.1" 200 OK
INFO:     ::1:0 - "GET /api/activity/stats HTTP/1.1" 200 OK
INFO:     ::1:0 - "GET /api/activity/stats HTTP/1.1" 200 OK
INFO:     ::1:0 - "GET /api/review/tasks?limit=50 HTTP/1.1" 200 OK
INFO:     ::1:0 - "GET /api/review/stats HTTP/1.1" 200 OK
INFO:     ::1:0 - "GET /api/review/tasks?limit=50 HTTP/1.1" 200 OK
INFO:     ::1:0 - "GET /api/review/stats HTTP/1.1" 200 OK
INFO:     ::1:0 - "GET /api/review/tasks?limit=50 HTTP/1.1" 200 OK
INFO:     ::1:0 - "GET /api/review/stats HTTP/1.1" 200 OK
INFO:     ::1:0 - "GET /api/review/tasks?limit=50 HTTP/1.1" 200 OK
INFO:     ::1:0 - "GET /api/review/stats HTTP/1.1" 200 OK
INFO:     ::1:0 - "GET /api/review/tasks?limit=50 HTTP/1.1" 200 OK
INFO:     ::1:0 - "GET /api/review/stats HTTP/1.1" 200 OK
INFO:     ::1:0 - "GET /api/review/tasks?limit=50 HTTP/1.1" 200 OK
INFO:     ::1:0 - "GET /api/review/stats HTTP/1.1" 200 OK
INFO:     ::1:0 - "GET /api/review/tasks?limit=50 HTTP/1.1" 200 OK
INFO:     ::1:0 - "GET /api/review/stats HTTP/1.1" 200 OK
INFO:     ::1:0 - "GET /api/review/tasks?limit=50 HTTP/1.1" 200 OK
INFO:     ::1:0 - "GET /api/review/stats HTTP/1.1" 200 OK
INFO:     ::1:0 - "GET /api/review/tasks?limit=50 HTTP/1.1" 200 OK
INFO:     ::1:0 - "GET /api/review/stats HTTP/1.1" 200 OK
INFO:     ::1:0 - "GET /api/review/tasks?limit=50 HTTP/1.1" 200 OK
INFO:     ::1:0 - "GET /api/review/stats HTTP/1.1" 200 OK
INFO:     ::1:0 - "GET /api/review/tasks?limit=50 HTTP/1.1" 200 OK
INFO:     ::1:0 - "GET /api/review/stats HTTP/1.1" 200 OK
INFO:     ::1:0 - "GET /api/review/tasks?limit=50 HTTP/1.1" 200 OK
INFO:     ::1:0 - "GET /api/review/stats HTTP/1.1" 200 OK
INFO:     ::1:0 - "GET /api/review/tasks?limit=50 HTTP/1.1" 200 OK
INFO:     ::1:0 - "GET /api/review/stats HTTP/1.1" 200 OK
INFO:     ::1:0 - "GET /api/review/tasks?limit=50 HTTP/1.1" 200 OK
INFO:     ::1:0 - "GET /api/review/stats HTTP/1.1" 200 OK
INFO:     ::1:0 - "GET /api/review/tasks?limit=50 HTTP/1.1" 200 OK
INFO:     ::1:0 - "GET /api/review/stats HTTP/1.1" 200 OK
INFO:     ::1:0 - "GET /api/review/tasks?limit=50 HTTP/1.1" 200 OK
INFO:     ::1:0 - "GET /api/review/stats HTTP/1.1" 200 OK
INFO:     ::1:0 - "GET /api/review/tasks?limit=50 HTTP/1.1" 200 OK
INFO:     ::1:0 - "GET /api/review/stats HTTP/1.1" 200 OK
INFO:     ::1:0 - "GET /api/review/tasks?limit=50 HTTP/1.1" 200 OK
INFO:     ::1:0 - "GET /api/review/stats HTTP/1.1" 200 OK
INFO:     ::1:0 - "GET /api/review/tasks?limit=50 HTTP/1.1" 200 OK
INFO:     ::1:0 - "GET /api/review/stats HTTP/1.1" 200 OK
INFO:     ::1:0 - "GET /api/review/tasks?limit=50 HTTP/1.1" 200 OK
INFO:     ::1:0 - "GET /api/review/stats HTTP/1.1" 200 OK
INFO:     ::1:0 - "GET /api/review/tasks?limit=50 HTTP/1.1" 200 OK
INFO:     ::1:0 - "GET /api/review/stats HTTP/1.1" 200 OK
