 
 -------------- celery@Adityas-MacBook-Air-5.local v5.6.2 (recovery)
--- ***** ----- 
-- ******* ---- macOS-26.3.1-arm64-arm-64bit-Mach-O 2026-03-19 12:00:40
- *** --- * --- 
- ** ---------- [config]
- ** ---------- .> app:         founder_os:0x10b93e270
- ** ---------- .> transport:   redis://localhost:6379/0
- ** ---------- .> results:     redis://localhost:6379/0
- *** --- * --- .> concurrency: 4 (prefork)
-- ******* ---- .> task events: OFF (enable -E to monitor tasks in this worker)
--- ***** ----- 
 -------------- [queues]
                .> agents           exchange=agents(direct) key=agents
                .> default          exchange=default(direct) key=default
                .> orchestrator     exchange=orchestrator(direct) key=orchestrator

[tasks]


[2026-03-19 12:00:41,128: INFO/MainProcess] Connected to redis://localhost:6379/0
[2026-03-19 12:00:41,134: INFO/MainProcess] mingle: searching for neighbors
[2026-03-19 12:00:42,148: INFO/MainProcess] mingle: all alone
[2026-03-19 12:00:42,188: INFO/MainProcess] celery@Adityas-MacBook-Air-5.local ready.

SIGHUP not supported: Restarting with SIGHUP is unstable on this platform!
[2026-03-19 13:36:49,939: ERROR/MainProcess] Process 'ForkPoolWorker-4' pid:63578 exited with 'exitcode 70'
[2026-03-19 13:36:49,975: ERROR/MainProcess] Process 'ForkPoolWorker-3' pid:63577 exited with 'exitcode 70'
[2026-03-19 13:36:49,986: ERROR/MainProcess] Process 'ForkPoolWorker-2' pid:63576 exited with 'exitcode 70'
[2026-03-19 13:36:49,997: ERROR/MainProcess] Process 'ForkPoolWorker-1' pid:63575 exited with 'exitcode 70'
