
> dev
> turbo run dev --filter=web

• turbo 2.8.12
• Packages in scope: web
• Running dev in 1 packages
• Remote caching disabled
web:dev: cache bypass, force executing d4fbdcf66f74e4b6
web:dev: 
web:dev: > web@0.1.0 dev
web:dev: > next dev --port 3000
web:dev: 
web:dev: ▲ Next.js 16.1.5 (Turbopack)
web:dev: - Local:         http://localhost:3000
web:dev: - Network:       http://192.168.29.177:3000
web:dev: - Environments: .env.local
web:dev: 
web:dev: ✓ Starting...
web:dev: ✓ Ready in 759ms
web:dev:  GET /dashboard/memory 200 in 496ms (compile: 175ms, proxy.ts: 192ms, render: 130ms)
web:dev:  POST /dashboard/memory 200 in 64ms (compile: 8ms, proxy.ts: 41ms, render: 16ms)
web:dev: (node:47775) [DEP0060] DeprecationWarning: The `util._extend` API is deprecated. Please use Object.assign() instead.
web:dev: (Use `node --trace-deprecation ...` to show where the warning was created)
web:dev: ✓ Compiled in 340ms
web:dev:  GET /dashboard/memory 200 in 218ms (compile: 69ms, proxy.ts: 17ms, render: 132ms)
web:dev:  POST /dashboard/memory 200 in 61ms (compile: 3ms, proxy.ts: 53ms, render: 5ms)
web:dev:  GET /dashboard/settings 200 in 383ms (compile: 361ms, proxy.ts: 10ms, render: 12ms)
web:dev:  GET /dashboard/settings/UserProfile_clerk_catchall_check_1772541965553 200 in 101ms (compile: 7ms, proxy.ts: 11ms, render: 83ms)
web:dev:  GET /dashboard 200 in 31ms (compile: 16ms, proxy.ts: 6ms, render: 9ms)
web:dev:  GET /dashboard/agents 200 in 57ms (compile: 37ms, proxy.ts: 12ms, render: 8ms)
web:dev:  GET /dashboard/planner 200 in 62ms (compile: 39ms, proxy.ts: 13ms, render: 10ms)
web:dev:  GET /dashboard/tasks 200 in 46ms (compile: 24ms, proxy.ts: 8ms, render: 14ms)
web:dev:  GET /dashboard/memory 200 in 31ms (compile: 6ms, proxy.ts: 12ms, render: 13ms)
web:dev:  GET /dashboard/chat 200 in 141ms (compile: 121ms, proxy.ts: 12ms, render: 8ms)
web:dev:  GET /dashboard/memory 200 in 30ms (compile: 6ms, proxy.ts: 13ms, render: 11ms)
web:dev:  GET /dashboard/chat 200 in 23ms (compile: 3ms, proxy.ts: 12ms, render: 8ms)
web:dev:  GET /dashboard/knowledge 200 in 80ms (compile: 62ms, proxy.ts: 9ms, render: 9ms)
web:dev:  GET /dashboard/automations 200 in 50ms (compile: 31ms, proxy.ts: 8ms, render: 12ms)
web:dev:  GET /dashboard 200 in 25ms (compile: 3ms, proxy.ts: 14ms, render: 8ms)
